<?xml version="1.0" encoding="UTF-8"?>
<testng-results skipped="0" failed="0" total="1" passed="1">
  <reporter-output>
  </reporter-output>
  <suite name="Default suite" duration-ms="12274" started-at="2015-09-15T07:38:48Z" finished-at="2015-09-15T07:39:00Z">
    <groups>
    </groups>
    <test name="Default test" duration-ms="12274" started-at="2015-09-15T07:38:48Z" finished-at="2015-09-15T07:39:00Z">
      <class name="com.songxiang.uper.TestCase">
        <test-method status="PASS" signature="initalAppiumSettings()[pri:0, instance:com.songxiang.uper.TestCase@5d624da6]" name="initalAppiumSettings" is-config="true" duration-ms="11051" started-at="2015-09-15T15:38:48Z" finished-at="2015-09-15T15:38:59Z">
          <reporter-output>
          </reporter-output>
        </test-method> <!-- initalAppiumSettings -->
        <test-method status="PASS" signature="login()[pri:0, instance:com.songxiang.uper.TestCase@5d624da6]" name="login" duration-ms="528" started-at="2015-09-15T15:38:59Z" finished-at="2015-09-15T15:38:59Z">
          <reporter-output>
          </reporter-output>
        </test-method> <!-- login -->
        <test-method status="PASS" signature="realse()[pri:0, instance:com.songxiang.uper.TestCase@5d624da6]" name="realse" is-config="true" duration-ms="674" started-at="2015-09-15T15:38:59Z" finished-at="2015-09-15T15:39:00Z">
          <reporter-output>
          </reporter-output>
        </test-method> <!-- realse -->
      </class> <!-- com.songxiang.uper.TestCase -->
    </test> <!-- Default test -->
  </suite> <!-- Default suite -->
</testng-results>
